-------------------------------------------------------------------------------------

Date		Filename				Status

-------------------------------------------------------------------------------------

2013-07-03 16:17:46.647000	PH090924_HCW090828_293NE_P3A03.RAW	running
2013-07-03 16:18:52.361000	PH090924_HCW090828_293NE_P3A03.RAW	completed
2013-07-03 16:18:52.361000	PH090924_HCW090828_293NE_P3A02.RAW	running
2013-07-03 16:20:16.718000	PH090924_HCW090828_293NE_P3A02.RAW	completed
2013-07-03 16:20:16.718000	QE2_120918_OPL0000_phosmix2L_pulled_tip_12.raw	running
2013-07-03 16:24:51.647000	QE2_120918_OPL0000_phosmix2L_pulled_tip_12.raw	completed
2013-07-03 16:24:51.647000	PH090924_HCW090828_293NE_P3A05.RAW	running
2013-07-03 16:25:53.288000	PH090924_HCW090828_293NE_P3A05.RAW	completed
2013-07-03 16:25:53.288000	data01QE2_130409_OPL1013_CvA_Bonemarrow_TiOx_S5.raw	running
2013-07-03 16:51:22.979000	data01QE2_130409_OPL1013_CvA_Bonemarrow_TiOx_S5.raw	completed
2013-07-03 16:51:22.979000	QE2_120822_OPL0000_jurkat2ug_02.raw	running
2013-07-03 16:57:33.675000	QE2_120822_OPL0000_jurkat2ug_02.raw	completed
2013-07-03 16:57:33.675000	QE2_130506_OPL0000_jurkat2ug_01.raw	running
2013-07-03 17:26:01.429000	QE2_130506_OPL0000_jurkat2ug_01.raw	completed
2013-07-03 17:26:01.429000	PH090924_HCW090828_293NE_P3A01.RAW	running
2013-07-03 17:28:03.031000	PH090924_HCW090828_293NE_P3A01.RAW	completed
2013-07-03 17:28:03.046000	QE1_130108_OPL1005_YL_lysRIVM_NKI_BRCA_H1.raw	running
2013-07-03 17:50:26.062000	QE1_130108_OPL1005_YL_lysRIVM_NKI_BRCA_H1.raw	completed
2013-07-03 17:50:26.062000	QE1_130215_OPL1013_LYS_CACO2_2.raw	running
2013-07-03 18:20:45.632000	QE1_130215_OPL1013_LYS_CACO2_2.raw	completed
2013-07-03 18:20:45.632000	PH090924_HCW090828_293NE_P3A06.RAW	running
2013-07-03 18:21:44.412000	PH090924_HCW090828_293NE_P3A06.RAW	completed
2013-07-03 18:21:44.412000	QE1_130304_OPL0000_jurkat2ug_mq_05.raw	running
2013-07-03 18:46:55.495000	QE1_130304_OPL0000_jurkat2ug_mq_05.raw	completed
2013-07-03 18:46:55.495000	QE2_130225_OPL3007_DDP_ERphos_pep_S_ER_130226093525.raw	running
2013-07-03 18:50:55.867000	QE2_130225_OPL3007_DDP_ERphos_pep_S_ER_130226093525.raw	completed
2013-07-03 18:50:55.867000	PH090924_HCW090828_293NE_P3A04.RAW	running
2013-07-03 18:52:39.063000	PH090924_HCW090828_293NE_P3A04.RAW	completed
2013-07-03 18:52:39.063000	QE1_121213_OPL0000_mq_15.raw	running
2013-07-03 19:06:13.690000	QE1_121213_OPL0000_mq_15.raw	completed
2013-07-03 19:06:13.690000	QE1_120822_OPL2008_CLL1ip_C1.raw	running
2013-07-03 19:07:11.085000	QE1_120822_OPL2008_CLL1ip_C1.raw	completed
