-------------------------------------------------------------------------------------

Date		Filename				Status

-------------------------------------------------------------------------------------
2013-08-12 11:41:01.775000	QE2_130415_OPL0000_jurkat2ug_03.raw	running
2013-08-12 12:12:27.695000	QE2_130415_OPL0000_jurkat2ug_03.raw	completed
2013-08-12 12:12:27.695000	QE2_130415_OPL0000_jurkat2ug_01.raw	running
2013-08-12 12:40:24.524000	QE2_130415_OPL0000_jurkat2ug_01.raw	completed
2013-08-12 12:40:24.524000	QE1_130415_OPL0000_jurkat2ug_05.raw	running
2013-08-12 13:05:14.340000	QE1_130415_OPL0000_jurkat2ug_05.raw	completed
2013-08-12 13:05:14.340000	QE1_130212_OPL0000_jurkat2ug_07.raw	running
2013-08-12 13:32:44.145000	QE1_130212_OPL0000_jurkat2ug_07.raw	completed
2013-08-12 13:32:44.145000	QE2_130225_OPL0000_jurkat2ug_02.raw	running
2013-08-12 13:58:24.183000	QE2_130225_OPL0000_jurkat2ug_02.raw	completed
2013-08-12 13:58:24.184000	QE2_130225_OPL0000_jurkat2ug_01.raw	running
2013-08-12 14:24:02.497000	QE2_130225_OPL0000_jurkat2ug_01.raw	completed
2013-08-12 14:24:02.497000	QE2_130415_OPL0000_jurkat2ug_02.raw	running
2013-08-12 14:52:38.283000	QE2_130415_OPL0000_jurkat2ug_02.raw	completed
2013-08-12 14:52:38.283000	QE1_130212_OPL0000_jurkat2ug_05.raw	running
2013-08-12 15:19:29.413000	QE1_130212_OPL0000_jurkat2ug_05.raw	completed
2013-08-12 15:19:29.413000	QE1_130212_OPL0000_jurkat2ug_02.raw	running
2013-08-12 15:46:40.834000	QE1_130212_OPL0000_jurkat2ug_02.raw	completed
2013-08-12 15:46:40.834000	QE1_130226_OPL0000_jurkat2ug_02.raw	running
2013-08-12 16:11:16.602000	QE1_130226_OPL0000_jurkat2ug_02.raw	completed
2013-08-12 16:11:16.602000	QE2_130207_OPL0000_jurkat2ug_01.raw	running
2013-08-12 16:37:30.016000	QE2_130207_OPL0000_jurkat2ug_01.raw	completed
2013-08-12 16:37:30.017000	QE1_130226_OPL0000_jurkat2ug_01.raw	running
2013-08-12 17:02:07.678000	QE1_130226_OPL0000_jurkat2ug_01.raw	completed
2013-08-12 17:02:07.678000	QE1_130212_OPL0000_jurkat2ug_04.raw	running
2013-08-12 17:19:03.447000	QE1_130212_OPL0000_jurkat2ug_04.raw	completed
2013-08-12 17:19:03.448000	QE1_130226_OPL0000_jurkat2ug_03.raw	running
2013-08-12 17:44:15.670000	QE1_130226_OPL0000_jurkat2ug_03.raw	completed
2013-08-12 17:44:15.670000	QE2_130219_OPL0000_jurkat2ug_01.raw	running
2013-08-12 17:58:05.943000	QE2_130219_OPL0000_jurkat2ug_01.raw	completed
2013-08-12 17:58:05.943000	QE1_130415_OPL0000_jurkat2ug_02.raw	running
2013-08-12 18:24:41.038000	QE1_130415_OPL0000_jurkat2ug_02.raw	completed
2013-08-12 18:24:41.039000	QE1_130415_OPL0000_jurkat2ug_07.raw	running
2013-08-12 18:49:57.243000	QE1_130415_OPL0000_jurkat2ug_07.raw	completed
2013-08-12 18:49:57.244000	QE1_130415_OPL0000_jurkat2ug_01.raw	running
2013-08-12 19:15:05.653000	QE1_130415_OPL0000_jurkat2ug_01.raw	completed
2013-08-12 19:15:05.654000	QE1_130212_OPL0000_jurkat2ug_01.raw	running
2013-08-12 19:40:41.569000	QE1_130212_OPL0000_jurkat2ug_01.raw	completed
2013-08-12 19:40:41.570000	QE1_130212_OPL0000_jurkat2ug_03.raw	running
2013-08-12 20:07:49.399000	QE1_130212_OPL0000_jurkat2ug_03.raw	completed
2013-08-12 20:07:49.399000	QE2_130207_OPL0000_jurkat2ug_02.raw	running
2013-08-12 20:35:03.428000	QE2_130207_OPL0000_jurkat2ug_02.raw	completed
2013-08-12 20:35:03.428000	QE2_130219_OPL0000_jurkat2ug_02.raw	running
2013-08-12 21:03:13.437000	QE2_130219_OPL0000_jurkat2ug_02.raw	completed
2013-08-12 21:03:13.437000	QE2_130207_OPL0000_jurkat2ug_03.raw	running
2013-08-12 21:30:24.001000	QE2_130207_OPL0000_jurkat2ug_03.raw	completed
2013-08-12 21:30:24.001000	QE1_130415_OPL0000_jurkat2ug_08.raw	running
2013-08-12 21:55:34.139000	QE1_130415_OPL0000_jurkat2ug_08.raw	completed
2013-08-12 21:55:34.139000	QE1_130415_OPL0000_jurkat2ug_03.raw	running
2013-08-12 22:21:28.657000	QE1_130415_OPL0000_jurkat2ug_03.raw	completed
2013-08-12 22:21:28.657000	QE1_130212_OPL0000_jurkat2ug_06.raw	running
2013-08-12 22:39:30.643000	QE1_130212_OPL0000_jurkat2ug_06.raw	completed
2013-08-12 22:39:30.643000	QE1_130415_OPL0000_jurkat2ug_06.raw	running
2013-08-12 23:04:26.527000	QE1_130415_OPL0000_jurkat2ug_06.raw	completed
2013-08-12 23:04:26.527000	QE2_130212_OPL0000_jurkat_2ug_01_130212113031.raw	running
2013-08-12 23:31:19.890000	QE2_130212_OPL0000_jurkat_2ug_01_130212113031.raw	completed





